# This file was automatically created by FeynRules 2.3.49
# Mathematica version: 13.1.0 for Mac OS X ARM (64-bit) (June 16, 2022)
# Date: Mon 16 Sep 2024 14:43:45


# 
# This is the logfile for the model GM

# Authors: K. Hartling, K. Kumar, H. Logan, Y. Wu
# Model version: 2.0.0
# Checking the Quantum numbers
   * Electric charge defined.
# Checking the Lagrangians
   * All Lagrangians are ok.
#
# Particle definitions
#

   * No particles removed. All particles correspond to GenInt setup.

# Automatically assigned PDG numbers
   * Assigned PDG number 9000001 to particle ghA
   * Assigned PDG number 9000002 to particle ghZ
   * Assigned PDG number 9000003 to particle ghWp
   * Assigned PDG number 9000004 to particle ghWm
   * Assigned PDG number 9000005 to particle ghG


# Compulsory PDG codes:
   * Class SM leptons complete.
   * Class SM neutrinos complete.
   * Class SM quarks complete.
   * Class SM gauge bosons complete.
#
# Parameter definitions
#

   * Parameter SignS2A has no value. Default value 1 assigned.
   * Parameter sa has no value. Default value 1 assigned.
   * Parameter ca has no value. Default value 1 assigned.


# Vertices
   * Calling FeynmanRules for 6 Lagrangians.
   * Number of classes vertices: 615
   * Number of flavored vertices: 621
   * Saved vertices in InterfaceRun[ 1 ].
   * Checked QNumber conservation.
      - Quantum number GhostNumber conserved in all vertices.
      - Quantum number LeptonNumber conserved in all vertices.
      - Quantum number Q conserved in all vertices.
   * particles.py written.
   * parameters.py written.
#
# Vertex definitions
#

   * 598 vertices written.
   * vertices.py written.
#
# Lorentz structure definitions
#

   * 38 lorentz structures written.
   * lorentz.py written.
#
# Coupling definitions
#

   * 468 couplings written.
   * couplings.py written.
#
# Coupling order definitions
#

   * 0 couplings orders written.
   * coupling_orders.py written.
#
# Decay definitions
#

   * 18 decays written.
   * decay.py not written
#
# CTCoupling definitions
#

   * 679 CTcouplings written.
   * CT_couplings.py written.
#
# CTVertex definitions
#

   * 228 CTvertices written.
   * CT_vertices.py written.
